{
"/Users/iliyan/projects/es6-module-amd/lib/transpiler.js":{"path":"/Users/iliyan/projects/es6-module-amd/lib/transpiler.js","s":{"1":1,"2":1,"3":1,"4":1,"5":1,"6":1,"7":3,"8":3,"9":3,"10":3,"11":3,"12":3,"13":3,"14":3,"15":3,"16":3,"17":3,"18":3,"19":3,"20":3,"21":7,"22":6,"23":6,"24":6,"25":3,"26":3,"27":3,"28":6,"29":3,"30":3,"31":7,"32":9,"33":3,"34":7,"35":7,"36":7,"37":7,"38":7,"39":7,"40":9,"41":9,"42":9,"43":9,"44":2,"45":9,"46":7,"47":7,"48":4,"49":4,"50":2,"51":2,"52":4,"53":4,"54":4,"55":4,"56":2,"57":4,"58":4,"59":3,"60":3,"61":3,"62":1},"b":{"1":[6,1],"2":[1,8],"3":[2,7],"4":[2,2],"5":[2,2]},"f":{"1":4,"2":3,"3":3,"4":7,"5":6,"6":3,"7":7,"8":9,"9":7,"10":7,"11":9,"12":4,"13":4,"14":3},"fnMap":{"1":{"name":"Transpiler","line":14,"loc":{"start":{"line":14,"column":0},"end":{"line":14,"column":22}}},"2":{"name":"(anonymous_2)","line":26,"loc":{"start":{"line":26,"column":15},"end":{"line":26,"column":36}}},"3":{"name":"(anonymous_3)","line":62,"loc":{"start":{"line":62,"column":20},"end":{"line":62,"column":46}}},"4":{"name":"(anonymous_4)","line":69,"loc":{"start":{"line":69,"column":41},"end":{"line":69,"column":69}}},"5":{"name":"(anonymous_5)","line":97,"loc":{"start":{"line":97,"column":25},"end":{"line":97,"column":52}}},"6":{"name":"(anonymous_6)","line":118,"loc":{"start":{"line":118,"column":25},"end":{"line":118,"column":39}}},"7":{"name":"(anonymous_7)","line":122,"loc":{"start":{"line":122,"column":51},"end":{"line":122,"column":79}}},"8":{"name":"(anonymous_8)","line":124,"loc":{"start":{"line":124,"column":59},"end":{"line":124,"column":79}}},"9":{"name":"(anonymous_9)","line":159,"loc":{"start":{"line":159,"column":26},"end":{"line":159,"column":43}}},"10":{"name":"(anonymous_10)","line":174,"loc":{"start":{"line":174,"column":29},"end":{"line":174,"column":44}}},"11":{"name":"(anonymous_11)","line":182,"loc":{"start":{"line":182,"column":38},"end":{"line":182,"column":58}}},"12":{"name":"(anonymous_12)","line":217,"loc":{"start":{"line":217,"column":29},"end":{"line":217,"column":44}}},"13":{"name":"(anonymous_13)","line":228,"loc":{"start":{"line":228,"column":42},"end":{"line":228,"column":62}}},"14":{"name":"(anonymous_14)","line":254,"loc":{"start":{"line":254,"column":17},"end":{"line":254,"column":43}}}},"statementMap":{"1":{"start":{"line":3,"column":0},"end":{"line":3,"column":23}},"2":{"start":{"line":4,"column":0},"end":{"line":4,"column":27}},"3":{"start":{"line":5,"column":0},"end":{"line":5,"column":31}},"4":{"start":{"line":7,"column":0},"end":{"line":7,"column":37}},"5":{"start":{"line":14,"column":0},"end":{"line":14,"column":24}},"6":{"start":{"line":16,"column":0},"end":{"line":261,"column":2}},"7":{"start":{"line":27,"column":8},"end":{"line":27,"column":38}},"8":{"start":{"line":29,"column":8},"end":{"line":29,"column":44}},"9":{"start":{"line":31,"column":8},"end":{"line":31,"column":43}},"10":{"start":{"line":33,"column":8},"end":{"line":35,"column":11}},"11":{"start":{"line":37,"column":8},"end":{"line":40,"column":11}},"12":{"start":{"line":42,"column":8},"end":{"line":42,"column":48}},"13":{"start":{"line":44,"column":8},"end":{"line":46,"column":11}},"14":{"start":{"line":48,"column":8},"end":{"line":48,"column":44}},"15":{"start":{"line":50,"column":8},"end":{"line":50,"column":22}},"16":{"start":{"line":63,"column":8},"end":{"line":63,"column":36}},"17":{"start":{"line":65,"column":8},"end":{"line":65,"column":30}},"18":{"start":{"line":66,"column":8},"end":{"line":66,"column":22}},"19":{"start":{"line":67,"column":8},"end":{"line":67,"column":29}},"20":{"start":{"line":69,"column":8},"end":{"line":76,"column":11}},"21":{"start":{"line":70,"column":12},"end":{"line":75,"column":13}},"22":{"start":{"line":71,"column":16},"end":{"line":71,"column":70}},"23":{"start":{"line":72,"column":16},"end":{"line":72,"column":90}},"24":{"start":{"line":74,"column":16},"end":{"line":74,"column":62}},"25":{"start":{"line":78,"column":8},"end":{"line":78,"column":57}},"26":{"start":{"line":80,"column":8},"end":{"line":84,"column":13}},"27":{"start":{"line":86,"column":8},"end":{"line":86,"column":19}},"28":{"start":{"line":98,"column":8},"end":{"line":108,"column":11}},"29":{"start":{"line":119,"column":8},"end":{"line":119,"column":36}},"30":{"start":{"line":122,"column":8},"end":{"line":147,"column":11}},"31":{"start":{"line":124,"column":12},"end":{"line":146,"column":15}},"32":{"start":{"line":126,"column":16},"end":{"line":145,"column":18}},"33":{"start":{"line":149,"column":8},"end":{"line":149,"column":19}},"34":{"start":{"line":162,"column":8},"end":{"line":162,"column":65}},"35":{"start":{"line":164,"column":8},"end":{"line":164,"column":22}},"36":{"start":{"line":175,"column":8},"end":{"line":175,"column":24}},"37":{"start":{"line":177,"column":8},"end":{"line":177,"column":51}},"38":{"start":{"line":179,"column":8},"end":{"line":179,"column":28}},"39":{"start":{"line":182,"column":8},"end":{"line":199,"column":11}},"40":{"start":{"line":183,"column":12},"end":{"line":183,"column":30}},"41":{"start":{"line":184,"column":12},"end":{"line":184,"column":28}},"42":{"start":{"line":186,"column":12},"end":{"line":186,"column":60}},"43":{"start":{"line":188,"column":12},"end":{"line":190,"column":13}},"44":{"start":{"line":189,"column":16},"end":{"line":189,"column":52}},"45":{"start":{"line":192,"column":12},"end":{"line":198,"column":15}},"46":{"start":{"line":201,"column":8},"end":{"line":205,"column":11}},"47":{"start":{"line":207,"column":8},"end":{"line":207,"column":41}},"48":{"start":{"line":218,"column":8},"end":{"line":218,"column":24}},"49":{"start":{"line":222,"column":8},"end":{"line":240,"column":9}},"50":{"start":{"line":223,"column":12},"end":{"line":223,"column":83}},"51":{"start":{"line":228,"column":12},"end":{"line":239,"column":15}},"52":{"start":{"line":229,"column":16},"end":{"line":229,"column":34}},"53":{"start":{"line":230,"column":16},"end":{"line":230,"column":32}},"54":{"start":{"line":232,"column":16},"end":{"line":232,"column":64}},"55":{"start":{"line":234,"column":16},"end":{"line":236,"column":17}},"56":{"start":{"line":235,"column":20},"end":{"line":235,"column":56}},"57":{"start":{"line":238,"column":16},"end":{"line":238,"column":75}},"58":{"start":{"line":242,"column":8},"end":{"line":242,"column":41}},"59":{"start":{"line":255,"column":8},"end":{"line":255,"column":44}},"60":{"start":{"line":257,"column":8},"end":{"line":257,"column":51}},"61":{"start":{"line":259,"column":8},"end":{"line":259,"column":19}},"62":{"start":{"line":263,"column":0},"end":{"line":263,"column":28}}},"branchMap":{"1":{"line":70,"type":"if","locations":[{"start":{"line":70,"column":12},"end":{"line":70,"column":12}},{"start":{"line":70,"column":12},"end":{"line":70,"column":12}}]},"2":{"line":134,"type":"cond-expr","locations":[{"start":{"line":135,"column":37},"end":{"line":135,"column":92}},{"start":{"line":137,"column":37},"end":{"line":141,"column":45}}]},"3":{"line":188,"type":"if","locations":[{"start":{"line":188,"column":12},"end":{"line":188,"column":12}},{"start":{"line":188,"column":12},"end":{"line":188,"column":12}}]},"4":{"line":222,"type":"if","locations":[{"start":{"line":222,"column":8},"end":{"line":222,"column":8}},{"start":{"line":222,"column":8},"end":{"line":222,"column":8}}]},"5":{"line":234,"type":"if","locations":[{"start":{"line":234,"column":16},"end":{"line":234,"column":16}},{"start":{"line":234,"column":16},"end":{"line":234,"column":16}}]}},"l":{"3":1,"4":1,"5":1,"7":1,"14":1,"16":1,"27":3,"29":3,"31":3,"33":3,"37":3,"42":3,"44":3,"48":3,"50":3,"63":3,"65":3,"66":3,"67":3,"69":3,"70":7,"71":6,"72":6,"74":6,"78":3,"80":3,"86":3,"98":6,"119":3,"122":3,"124":7,"126":9,"149":3,"162":7,"164":7,"175":7,"177":7,"179":7,"182":7,"183":9,"184":9,"186":9,"188":9,"189":2,"192":9,"201":7,"207":7,"218":4,"222":4,"223":2,"228":2,"229":4,"230":4,"232":4,"234":4,"235":2,"238":4,"242":4,"255":3,"257":3,"259":3,"263":1}}}
