{
"/Users/iliyan/projects/es6-module-amd/lib/transpiler.js":{"path":"/Users/iliyan/projects/es6-module-amd/lib/transpiler.js","s":{"1":1,"2":1,"3":1,"4":1,"5":1,"6":1,"7":0,"8":0,"9":0,"10":0,"11":0,"12":0,"13":0,"14":0,"15":0,"16":0,"17":0,"18":0,"19":0,"20":0,"21":0,"22":0,"23":0,"24":0,"25":0,"26":0,"27":0,"28":0,"29":0,"30":0,"31":0,"32":0,"33":0,"34":0,"35":0,"36":0,"37":0,"38":0,"39":0,"40":0,"41":0,"42":0,"43":0,"44":0,"45":0,"46":0,"47":0,"48":0,"49":0,"50":0,"51":0,"52":0,"53":0,"54":0,"55":0,"56":0,"57":0,"58":0,"59":0,"60":0,"61":1},"b":{"1":[0,0],"2":[0,0],"3":[0,0],"4":[0,0],"5":[0,0]},"f":{"1":1,"2":0,"3":0,"4":0,"5":0,"6":0,"7":0,"8":0,"9":0,"10":0,"11":0,"12":0,"13":0,"14":0},"fnMap":{"1":{"name":"Transpiler","line":15,"loc":{"start":{"line":15,"column":0},"end":{"line":15,"column":28}}},"2":{"name":"(anonymous_2)","line":28,"loc":{"start":{"line":28,"column":15},"end":{"line":28,"column":30}}},"3":{"name":"(anonymous_3)","line":57,"loc":{"start":{"line":57,"column":20},"end":{"line":57,"column":40}}},"4":{"name":"(anonymous_4)","line":64,"loc":{"start":{"line":64,"column":41},"end":{"line":64,"column":69}}},"5":{"name":"(anonymous_5)","line":92,"loc":{"start":{"line":92,"column":25},"end":{"line":92,"column":52}}},"6":{"name":"(anonymous_6)","line":113,"loc":{"start":{"line":113,"column":25},"end":{"line":113,"column":39}}},"7":{"name":"(anonymous_7)","line":117,"loc":{"start":{"line":117,"column":51},"end":{"line":117,"column":79}}},"8":{"name":"(anonymous_8)","line":119,"loc":{"start":{"line":119,"column":59},"end":{"line":119,"column":79}}},"9":{"name":"(anonymous_9)","line":154,"loc":{"start":{"line":154,"column":26},"end":{"line":154,"column":43}}},"10":{"name":"(anonymous_10)","line":169,"loc":{"start":{"line":169,"column":29},"end":{"line":169,"column":44}}},"11":{"name":"(anonymous_11)","line":177,"loc":{"start":{"line":177,"column":38},"end":{"line":177,"column":58}}},"12":{"name":"(anonymous_12)","line":212,"loc":{"start":{"line":212,"column":29},"end":{"line":212,"column":44}}},"13":{"name":"(anonymous_13)","line":223,"loc":{"start":{"line":223,"column":42},"end":{"line":223,"column":62}}},"14":{"name":"(anonymous_14)","line":248,"loc":{"start":{"line":248,"column":17},"end":{"line":248,"column":37}}}},"statementMap":{"1":{"start":{"line":3,"column":0},"end":{"line":3,"column":23}},"2":{"start":{"line":4,"column":0},"end":{"line":4,"column":31}},"3":{"start":{"line":6,"column":0},"end":{"line":6,"column":37}},"4":{"start":{"line":15,"column":0},"end":{"line":17,"column":1}},"5":{"start":{"line":16,"column":4},"end":{"line":16,"column":26}},"6":{"start":{"line":19,"column":0},"end":{"line":255,"column":2}},"7":{"start":{"line":29,"column":8},"end":{"line":29,"column":38}},"8":{"start":{"line":31,"column":8},"end":{"line":31,"column":44}},"9":{"start":{"line":33,"column":8},"end":{"line":33,"column":40}},"10":{"start":{"line":35,"column":8},"end":{"line":38,"column":11}},"11":{"start":{"line":40,"column":8},"end":{"line":40,"column":42}},"12":{"start":{"line":42,"column":8},"end":{"line":42,"column":44}},"13":{"start":{"line":44,"column":8},"end":{"line":44,"column":44}},"14":{"start":{"line":46,"column":8},"end":{"line":46,"column":22}},"15":{"start":{"line":58,"column":8},"end":{"line":58,"column":36}},"16":{"start":{"line":60,"column":8},"end":{"line":60,"column":30}},"17":{"start":{"line":61,"column":8},"end":{"line":61,"column":22}},"18":{"start":{"line":62,"column":8},"end":{"line":62,"column":29}},"19":{"start":{"line":64,"column":8},"end":{"line":71,"column":11}},"20":{"start":{"line":65,"column":12},"end":{"line":70,"column":13}},"21":{"start":{"line":66,"column":16},"end":{"line":66,"column":70}},"22":{"start":{"line":67,"column":16},"end":{"line":67,"column":90}},"23":{"start":{"line":69,"column":16},"end":{"line":69,"column":62}},"24":{"start":{"line":73,"column":8},"end":{"line":73,"column":70}},"25":{"start":{"line":75,"column":8},"end":{"line":79,"column":13}},"26":{"start":{"line":81,"column":8},"end":{"line":81,"column":19}},"27":{"start":{"line":93,"column":8},"end":{"line":103,"column":11}},"28":{"start":{"line":114,"column":8},"end":{"line":114,"column":36}},"29":{"start":{"line":117,"column":8},"end":{"line":142,"column":11}},"30":{"start":{"line":119,"column":12},"end":{"line":141,"column":15}},"31":{"start":{"line":121,"column":16},"end":{"line":140,"column":18}},"32":{"start":{"line":144,"column":8},"end":{"line":144,"column":19}},"33":{"start":{"line":157,"column":8},"end":{"line":157,"column":65}},"34":{"start":{"line":159,"column":8},"end":{"line":159,"column":22}},"35":{"start":{"line":170,"column":8},"end":{"line":170,"column":24}},"36":{"start":{"line":172,"column":8},"end":{"line":172,"column":51}},"37":{"start":{"line":174,"column":8},"end":{"line":174,"column":28}},"38":{"start":{"line":177,"column":8},"end":{"line":194,"column":11}},"39":{"start":{"line":178,"column":12},"end":{"line":178,"column":30}},"40":{"start":{"line":179,"column":12},"end":{"line":179,"column":28}},"41":{"start":{"line":181,"column":12},"end":{"line":181,"column":60}},"42":{"start":{"line":183,"column":12},"end":{"line":185,"column":13}},"43":{"start":{"line":184,"column":16},"end":{"line":184,"column":52}},"44":{"start":{"line":187,"column":12},"end":{"line":193,"column":15}},"45":{"start":{"line":196,"column":8},"end":{"line":200,"column":11}},"46":{"start":{"line":202,"column":8},"end":{"line":202,"column":41}},"47":{"start":{"line":213,"column":8},"end":{"line":213,"column":24}},"48":{"start":{"line":217,"column":8},"end":{"line":235,"column":9}},"49":{"start":{"line":218,"column":12},"end":{"line":218,"column":83}},"50":{"start":{"line":223,"column":12},"end":{"line":234,"column":15}},"51":{"start":{"line":224,"column":16},"end":{"line":224,"column":34}},"52":{"start":{"line":225,"column":16},"end":{"line":225,"column":32}},"53":{"start":{"line":227,"column":16},"end":{"line":227,"column":64}},"54":{"start":{"line":229,"column":16},"end":{"line":231,"column":17}},"55":{"start":{"line":230,"column":20},"end":{"line":230,"column":56}},"56":{"start":{"line":233,"column":16},"end":{"line":233,"column":75}},"57":{"start":{"line":237,"column":8},"end":{"line":237,"column":41}},"58":{"start":{"line":249,"column":8},"end":{"line":249,"column":44}},"59":{"start":{"line":251,"column":8},"end":{"line":251,"column":45}},"60":{"start":{"line":253,"column":8},"end":{"line":253,"column":19}},"61":{"start":{"line":257,"column":0},"end":{"line":257,"column":28}}},"branchMap":{"1":{"line":65,"type":"if","locations":[{"start":{"line":65,"column":12},"end":{"line":65,"column":12}},{"start":{"line":65,"column":12},"end":{"line":65,"column":12}}]},"2":{"line":129,"type":"cond-expr","locations":[{"start":{"line":130,"column":37},"end":{"line":130,"column":92}},{"start":{"line":132,"column":37},"end":{"line":136,"column":45}}]},"3":{"line":183,"type":"if","locations":[{"start":{"line":183,"column":12},"end":{"line":183,"column":12}},{"start":{"line":183,"column":12},"end":{"line":183,"column":12}}]},"4":{"line":217,"type":"if","locations":[{"start":{"line":217,"column":8},"end":{"line":217,"column":8}},{"start":{"line":217,"column":8},"end":{"line":217,"column":8}}]},"5":{"line":229,"type":"if","locations":[{"start":{"line":229,"column":16},"end":{"line":229,"column":16}},{"start":{"line":229,"column":16},"end":{"line":229,"column":16}}]}},"l":{"3":1,"4":1,"6":1,"15":1,"16":1,"19":1,"29":0,"31":0,"33":0,"35":0,"40":0,"42":0,"44":0,"46":0,"58":0,"60":0,"61":0,"62":0,"64":0,"65":0,"66":0,"67":0,"69":0,"73":0,"75":0,"81":0,"93":0,"114":0,"117":0,"119":0,"121":0,"144":0,"157":0,"159":0,"170":0,"172":0,"174":0,"177":0,"178":0,"179":0,"181":0,"183":0,"184":0,"187":0,"196":0,"202":0,"213":0,"217":0,"218":0,"223":0,"224":0,"225":0,"227":0,"229":0,"230":0,"233":0,"237":0,"249":0,"251":0,"253":0,"257":1}}}
