TN:
SF:/Users/iliyan/projects/es6-module-amd/lib/transpiler.js
FN:13,Transpiler
FN:25,(anonymous_2)
FN:55,(anonymous_3)
FN:62,(anonymous_4)
FN:90,(anonymous_5)
FN:111,(anonymous_6)
FN:115,(anonymous_7)
FN:117,(anonymous_8)
FN:152,(anonymous_9)
FN:167,(anonymous_10)
FN:175,(anonymous_11)
FN:210,(anonymous_12)
FN:221,(anonymous_13)
FN:247,(anonymous_14)
FNF:14
FNH:14
FNDA:4,Transpiler
FNDA:3,(anonymous_2)
FNDA:3,(anonymous_3)
FNDA:7,(anonymous_4)
FNDA:6,(anonymous_5)
FNDA:3,(anonymous_6)
FNDA:7,(anonymous_7)
FNDA:9,(anonymous_8)
FNDA:7,(anonymous_9)
FNDA:7,(anonymous_10)
FNDA:9,(anonymous_11)
FNDA:4,(anonymous_12)
FNDA:4,(anonymous_13)
FNDA:3,(anonymous_14)
DA:3,1
DA:4,1
DA:6,1
DA:13,1
DA:15,1
DA:26,3
DA:28,3
DA:30,3
DA:32,3
DA:37,3
DA:39,3
DA:41,3
DA:43,3
DA:56,3
DA:58,3
DA:59,3
DA:60,3
DA:62,3
DA:63,7
DA:64,6
DA:65,6
DA:67,6
DA:71,3
DA:73,3
DA:79,3
DA:91,6
DA:112,3
DA:115,3
DA:117,7
DA:119,9
DA:142,3
DA:155,7
DA:157,7
DA:168,7
DA:170,7
DA:172,7
DA:175,7
DA:176,9
DA:177,9
DA:179,9
DA:181,9
DA:182,2
DA:185,9
DA:194,7
DA:200,7
DA:211,4
DA:215,4
DA:216,2
DA:221,2
DA:222,4
DA:223,4
DA:225,4
DA:227,4
DA:228,2
DA:231,4
DA:235,4
DA:248,3
DA:250,3
DA:252,3
DA:256,1
LF:60
LH:60
BRDA:63,1,0,6
BRDA:63,1,1,1
BRDA:127,2,0,1
BRDA:127,2,1,8
BRDA:181,3,0,2
BRDA:181,3,1,7
BRDA:215,4,0,2
BRDA:215,4,1,2
BRDA:227,5,0,2
BRDA:227,5,1,2
BRF:10
BRH:10
end_of_record
