TN:
SF:/Users/iliyan/projects/es6-module-amd/lib/transpiler.js
FN:14,Transpiler
FN:26,(anonymous_2)
FN:62,(anonymous_3)
FN:69,(anonymous_4)
FN:97,(anonymous_5)
FN:118,(anonymous_6)
FN:122,(anonymous_7)
FN:124,(anonymous_8)
FN:159,(anonymous_9)
FN:174,(anonymous_10)
FN:182,(anonymous_11)
FN:217,(anonymous_12)
FN:228,(anonymous_13)
FN:254,(anonymous_14)
FNF:14
FNH:14
FNDA:4,Transpiler
FNDA:3,(anonymous_2)
FNDA:3,(anonymous_3)
FNDA:7,(anonymous_4)
FNDA:6,(anonymous_5)
FNDA:3,(anonymous_6)
FNDA:7,(anonymous_7)
FNDA:9,(anonymous_8)
FNDA:7,(anonymous_9)
FNDA:7,(anonymous_10)
FNDA:9,(anonymous_11)
FNDA:4,(anonymous_12)
FNDA:4,(anonymous_13)
FNDA:3,(anonymous_14)
DA:3,1
DA:4,1
DA:5,1
DA:7,1
DA:14,1
DA:16,1
DA:27,3
DA:29,3
DA:31,3
DA:33,3
DA:37,3
DA:42,3
DA:44,3
DA:48,3
DA:50,3
DA:63,3
DA:65,3
DA:66,3
DA:67,3
DA:69,3
DA:70,7
DA:71,6
DA:72,6
DA:74,6
DA:78,3
DA:80,3
DA:86,3
DA:98,6
DA:119,3
DA:122,3
DA:124,7
DA:126,9
DA:149,3
DA:162,7
DA:164,7
DA:175,7
DA:177,7
DA:179,7
DA:182,7
DA:183,9
DA:184,9
DA:186,9
DA:188,9
DA:189,2
DA:192,9
DA:201,7
DA:207,7
DA:218,4
DA:222,4
DA:223,2
DA:228,2
DA:229,4
DA:230,4
DA:232,4
DA:234,4
DA:235,2
DA:238,4
DA:242,4
DA:255,3
DA:257,3
DA:259,3
DA:263,1
LF:62
LH:62
BRDA:70,1,0,6
BRDA:70,1,1,1
BRDA:134,2,0,1
BRDA:134,2,1,8
BRDA:188,3,0,2
BRDA:188,3,1,7
BRDA:222,4,0,2
BRDA:222,4,1,2
BRDA:234,5,0,2
BRDA:234,5,1,2
BRF:10
BRH:10
end_of_record
